<?xml version="1.0" encoding="UTF-8"?>
<testsuite name="LogicTest" tests="6" skipped="0" failures="0" errors="0" timestamp="2021-05-19T20:35:35" hostname="MATES-PC" time="0.017">
  <properties/>
  <testcase name="subtract()" classname="LogicTest" time="0.013"/>
  <testcase name="divide()" classname="LogicTest" time="0.0"/>
  <testcase name="factorial()" classname="LogicTest" time="0.0"/>
  <testcase name="square()" classname="LogicTest" time="0.0"/>
  <testcase name="sum()" classname="LogicTest" time="0.001"/>
  <testcase name="multiply()" classname="LogicTest" time="0.0"/>
  <system-out><![CDATA[]]></system-out>
  <system-err><![CDATA[]]></system-err>
</testsuite>
